<?xml version="1.0" encoding="UTF-8"?><testsuite errors="1" failures="0" name="uk.gov.hmcts.reform.lrdapi.util.RetrieveOrgServiceDetailsIntegrationTest" skipped="0" tests="1" time="149.68" timestamp="2020-10-17 05:41:24"><testcase classname="uk.gov.hmcts.reform.lrdapi.util.RetrieveOrgServiceDetailsIntegrationTest" name="Returns org service details by service code with status code200"><error message="JSON parse error: Cannot deserialize instance of `java.util.LinkedHashMap&lt;java.lang.Object,java.lang.Object&gt;` out of START_ARRAY token; nested exception is com.fasterxml.jackson.databind.exc.MismatchedInputException: Cannot deserialize instance of `java.util.LinkedHashMap&lt;java.lang.Object,java.lang.Object&gt;` out of START_ARRAY token&#10; at [Source: (PushbackInputStream); line: 1, column: 2]" type="org.springframework.http.converter.HttpMessageNotReadableException">JSON parse error: Cannot deserialize instance of `java.util.LinkedHashMap&lt;java.lang.Object,java.lang.Object&gt;` out of START_ARRAY token; nested exception is com.fasterxml.jackson.databind.exc.MismatchedInputException: Cannot deserialize instance of `java.util.LinkedHashMap&lt;java.lang.Object,java.lang.Object&gt;` out of START_ARRAY token
 at [Source: (PushbackInputStream); line: 1, column: 2]</error><system-err>JSON parse error: Cannot deserialize instance of `java.util.LinkedHashMap&lt;java.lang.Object,java.lang.Object&gt;` out of START_ARRAY token; nested exception is com.fasterxml.jackson.databind.exc.MismatchedInputException: Cannot deserialize instance of `java.util.LinkedHashMap&lt;java.lang.Object,java.lang.Object&gt;` out of START_ARRAY token
 at [Source: (PushbackInputStream); line: 1, column: 2]
org.springframework.http.converter.json.AbstractJackson2HttpMessageConverter.readJavaType(AbstractJackson2HttpMessageConverter.java:284)
org.springframework.http.converter.json.AbstractJackson2HttpMessageConverter.read(AbstractJackson2HttpMessageConverter.java:242)
org.springframework.web.client.HttpMessageConverterExtractor.extractData(HttpMessageConverterExtractor.java:105)
org.springframework.web.client.RestTemplate.doExecute(RestTemplate.java:741)
org.springframework.web.client.RestTemplate.execute(RestTemplate.java:674)
org.springframework.web.client.RestTemplate.exchange(RestTemplate.java:583)
uk.gov.hmcts.reform.lrdapi.util.LrdApiClient.getRequest(LrdApiClient.java:65)
uk.gov.hmcts.reform.lrdapi.util.LrdApiClient.findOrgServiceDetailsByServiceCode(LrdApiClient.java:45)
uk.gov.hmcts.reform.lrdapi.util.RetrieveOrgServiceDetailsIntegrationTest.returnsOrgServiceDetailsByServiceCodeWithStatusCode200(RetrieveOrgServiceDetailsIntegrationTest.java:18)
org.springframework.test.context.junit4.statements.RunBeforeTestMethodCallbacks.evaluate(RunBeforeTestMethodCallbacks.java:75)
org.springframework.test.context.junit4.statements.RunAfterTestMethodCallbacks.evaluate(RunAfterTestMethodCallbacks.java:86)
org.springframework.test.context.junit4.statements.RunBeforeTestClassCallbacks.evaluate(RunBeforeTestClassCallbacks.java:61)
org.springframework.test.context.junit4.statements.RunAfterTestClassCallbacks.evaluate(RunAfterTestClassCallbacks.java:70)
</system-err></testcase></testsuite>